<?xml version="1.0" encoding="UTF-8"?>
<testsuite name="com.terry.reactive.test.Pubsub" tests="1" skipped="0" failures="0" errors="0" timestamp="2019-06-13T09:06:11" hostname="TerryPC" time="0.003">
  <properties/>
  <testcase name="onPublisherTest" classname="com.terry.reactive.test.Pubsub" time="0.003"/>
  <system-out><![CDATA[onSubscribe
onNext 1
onNext 2
onNext 3
onNext 4
onNext 5
onComplete
]]></system-out>
  <system-err><![CDATA[]]></system-err>
</testsuite>
